1748404256.161509 client started (26428): version 3.5a, socket /tmp/tmux-1001/default, protocol 8
1748404256.161815 on Linux 6.6.87.1-microsoft-standard-WSL2 #1 SMP PREEMPT_DYNAMIC Mon Apr 21 17:08:54 UTC 2025
1748404256.161833 using libevent 2.1.12-stable poll
1748404256.161836 using ncurses 6.5 20240427
1748404256.161892 flags are 0x10010000
1748404256.161943 socket is /tmp/tmux-1001/default
1748404256.162121 trying connect
1748404256.162594 add peer 0x5f8fb6aa1bd0: 6 ((nil))
1748404256.162846 sending message 111 to peer 0x5f8fb6aa1bd0 (8 bytes)
1748404256.162849 sending message 111 to peer 0x5f8fb6aa1bd0 (8 bytes)
1748404256.162851 sending message 101 to peer 0x5f8fb6aa1bd0 (14 bytes)
1748404256.162852 sending message 109 to peer 0x5f8fb6aa1bd0 (4 bytes)
1748404256.162854 sending message 102 to peer 0x5f8fb6aa1bd0 (11 bytes)
1748404256.162855 sending message 108 to peer 0x5f8fb6aa1bd0 (24 bytes)
1748404256.162856 sending message 112 to peer 0x5f8fb6aa1bd0 (70 bytes)
1748404256.162858 sending message 112 to peer 0x5f8fb6aa1bd0 (5 bytes)
1748404256.162859 sending message 112 to peer 0x5f8fb6aa1bd0 (5 bytes)
1748404256.162860 sending message 112 to peer 0x5f8fb6aa1bd0 (6 bytes)
1748404256.162861 sending message 112 to peer 0x5f8fb6aa1bd0 (6 bytes)
1748404256.162862 sending message 112 to peer 0x5f8fb6aa1bd0 (11 bytes)
1748404256.162864 sending message 112 to peer 0x5f8fb6aa1bd0 (10 bytes)
1748404256.162865 sending message 112 to peer 0x5f8fb6aa1bd0 (13 bytes)
1748404256.162866 sending message 112 to peer 0x5f8fb6aa1bd0 (13 bytes)
1748404256.162868 sending message 112 to peer 0x5f8fb6aa1bd0 (18 bytes)
1748404256.162869 sending message 112 to peer 0x5f8fb6aa1bd0 (11 bytes)
1748404256.162870 sending message 112 to peer 0x5f8fb6aa1bd0 (10 bytes)
1748404256.162871 sending message 112 to peer 0x5f8fb6aa1bd0 (15 bytes)
1748404256.162872 sending message 112 to peer 0x5f8fb6aa1bd0 (21 bytes)
1748404256.162874 sending message 112 to peer 0x5f8fb6aa1bd0 (13 bytes)
1748404256.162875 sending message 112 to peer 0x5f8fb6aa1bd0 (7 bytes)
1748404256.162876 sending message 112 to peer 0x5f8fb6aa1bd0 (13 bytes)
1748404256.162878 sending message 112 to peer 0x5f8fb6aa1bd0 (7 bytes)
1748404256.162879 sending message 112 to peer 0x5f8fb6aa1bd0 (13 bytes)
1748404256.162880 sending message 112 to peer 0x5f8fb6aa1bd0 (9 bytes)
1748404256.162881 sending message 112 to peer 0x5f8fb6aa1bd0 (21 bytes)
1748404256.162882 sending message 112 to peer 0x5f8fb6aa1bd0 (13 bytes)
1748404256.162884 sending message 112 to peer 0x5f8fb6aa1bd0 (8 bytes)
1748404256.162885 sending message 112 to peer 0x5f8fb6aa1bd0 (12 bytes)
1748404256.162886 sending message 112 to peer 0x5f8fb6aa1bd0 (13 bytes)
1748404256.162887 sending message 112 to peer 0x5f8fb6aa1bd0 (9 bytes)
1748404256.162889 sending message 112 to peer 0x5f8fb6aa1bd0 (9 bytes)
1748404256.162890 sending message 112 to peer 0x5f8fb6aa1bd0 (12 bytes)
1748404256.162891 sending message 112 to peer 0x5f8fb6aa1bd0 (8 bytes)
1748404256.162892 sending message 112 to peer 0x5f8fb6aa1bd0 (8 bytes)
1748404256.162893 sending message 112 to peer 0x5f8fb6aa1bd0 (7 bytes)
1748404256.162895 sending message 112 to peer 0x5f8fb6aa1bd0 (7 bytes)
1748404256.162896 sending message 112 to peer 0x5f8fb6aa1bd0 (9 bytes)
1748404256.162897 sending message 112 to peer 0x5f8fb6aa1bd0 (13 bytes)
1748404256.162898 sending message 112 to peer 0x5f8fb6aa1bd0 (6 bytes)
1748404256.162900 sending message 112 to peer 0x5f8fb6aa1bd0 (9 bytes)
1748404256.162901 sending message 112 to peer 0x5f8fb6aa1bd0 (15 bytes)
1748404256.162902 sending message 112 to peer 0x5f8fb6aa1bd0 (13 bytes)
1748404256.162903 sending message 112 to peer 0x5f8fb6aa1bd0 (12 bytes)
1748404256.162905 sending message 112 to peer 0x5f8fb6aa1bd0 (8 bytes)
1748404256.162906 sending message 112 to peer 0x5f8fb6aa1bd0 (14 bytes)
1748404256.162907 sending message 112 to peer 0x5f8fb6aa1bd0 (11 bytes)
1748404256.162908 sending message 112 to peer 0x5f8fb6aa1bd0 (9 bytes)
1748404256.162910 sending message 112 to peer 0x5f8fb6aa1bd0 (10 bytes)
1748404256.162911 sending message 112 to peer 0x5f8fb6aa1bd0 (10 bytes)
1748404256.162918 sending message 112 to peer 0x5f8fb6aa1bd0 (10 bytes)
1748404256.162920 sending message 112 to peer 0x5f8fb6aa1bd0 (10 bytes)
1748404256.162921 sending message 112 to peer 0x5f8fb6aa1bd0 (11 bytes)
1748404256.162922 sending message 112 to peer 0x5f8fb6aa1bd0 (12 bytes)
1748404256.162924 sending message 112 to peer 0x5f8fb6aa1bd0 (12 bytes)
1748404256.162925 sending message 112 to peer 0x5f8fb6aa1bd0 (12 bytes)
1748404256.162926 sending message 112 to peer 0x5f8fb6aa1bd0 (12 bytes)
1748404256.162927 sending message 112 to peer 0x5f8fb6aa1bd0 (12 bytes)
1748404256.162928 sending message 112 to peer 0x5f8fb6aa1bd0 (11 bytes)
1748404256.162930 sending message 112 to peer 0x5f8fb6aa1bd0 (11 bytes)
1748404256.162931 sending message 112 to peer 0x5f8fb6aa1bd0 (12 bytes)
1748404256.162932 sending message 112 to peer 0x5f8fb6aa1bd0 (12 bytes)
1748404256.162933 sending message 112 to peer 0x5f8fb6aa1bd0 (12 bytes)
1748404256.162935 sending message 112 to peer 0x5f8fb6aa1bd0 (12 bytes)
1748404256.162936 sending message 112 to peer 0x5f8fb6aa1bd0 (12 bytes)
1748404256.162937 sending message 112 to peer 0x5f8fb6aa1bd0 (10 bytes)
1748404256.162938 sending message 112 to peer 0x5f8fb6aa1bd0 (12 bytes)
1748404256.162939 sending message 112 to peer 0x5f8fb6aa1bd0 (13 bytes)
1748404256.162941 sending message 112 to peer 0x5f8fb6aa1bd0 (13 bytes)
1748404256.162942 sending message 112 to peer 0x5f8fb6aa1bd0 (13 bytes)
1748404256.162943 sending message 112 to peer 0x5f8fb6aa1bd0 (13 bytes)
1748404256.162944 sending message 112 to peer 0x5f8fb6aa1bd0 (13 bytes)
1748404256.162946 sending message 112 to peer 0x5f8fb6aa1bd0 (8 bytes)
1748404256.162947 sending message 112 to peer 0x5f8fb6aa1bd0 (11 bytes)
1748404256.162948 sending message 112 to peer 0x5f8fb6aa1bd0 (11 bytes)
1748404256.162949 sending message 112 to peer 0x5f8fb6aa1bd0 (11 bytes)
1748404256.162951 sending message 112 to peer 0x5f8fb6aa1bd0 (12 bytes)
1748404256.162952 sending message 112 to peer 0x5f8fb6aa1bd0 (12 bytes)
1748404256.162953 sending message 112 to peer 0x5f8fb6aa1bd0 (12 bytes)
1748404256.162954 sending message 112 to peer 0x5f8fb6aa1bd0 (12 bytes)
1748404256.162955 sending message 112 to peer 0x5f8fb6aa1bd0 (13 bytes)
1748404256.162957 sending message 112 to peer 0x5f8fb6aa1bd0 (13 bytes)
1748404256.162958 sending message 112 to peer 0x5f8fb6aa1bd0 (13 bytes)
1748404256.162959 sending message 112 to peer 0x5f8fb6aa1bd0 (8 bytes)
1748404256.162960 sending message 112 to peer 0x5f8fb6aa1bd0 (13 bytes)
1748404256.162962 sending message 112 to peer 0x5f8fb6aa1bd0 (13 bytes)
1748404256.162963 sending message 112 to peer 0x5f8fb6aa1bd0 (13 bytes)
1748404256.162964 sending message 112 to peer 0x5f8fb6aa1bd0 (13 bytes)
1748404256.162965 sending message 112 to peer 0x5f8fb6aa1bd0 (13 bytes)
1748404256.162967 sending message 112 to peer 0x5f8fb6aa1bd0 (12 bytes)
1748404256.162968 sending message 112 to peer 0x5f8fb6aa1bd0 (12 bytes)
1748404256.162969 sending message 112 to peer 0x5f8fb6aa1bd0 (12 bytes)
1748404256.162970 sending message 112 to peer 0x5f8fb6aa1bd0 (12 bytes)
1748404256.162972 sending message 112 to peer 0x5f8fb6aa1bd0 (13 bytes)
1748404256.162973 sending message 112 to peer 0x5f8fb6aa1bd0 (8 bytes)
1748404256.162974 sending message 112 to peer 0x5f8fb6aa1bd0 (13 bytes)
1748404256.162975 sending message 112 to peer 0x5f8fb6aa1bd0 (13 bytes)
1748404256.162976 sending message 112 to peer 0x5f8fb6aa1bd0 (13 bytes)
1748404256.162978 sending message 112 to peer 0x5f8fb6aa1bd0 (13 bytes)
1748404256.162979 sending message 112 to peer 0x5f8fb6aa1bd0 (13 bytes)
1748404256.162980 sending message 112 to peer 0x5f8fb6aa1bd0 (13 bytes)
1748404256.162981 sending message 112 to peer 0x5f8fb6aa1bd0 (13 bytes)
1748404256.162983 sending message 112 to peer 0x5f8fb6aa1bd0 (12 bytes)
1748404256.162984 sending message 112 to peer 0x5f8fb6aa1bd0 (12 bytes)
1748404256.162985 sending message 112 to peer 0x5f8fb6aa1bd0 (12 bytes)
1748404256.162986 sending message 112 to peer 0x5f8fb6aa1bd0 (8 bytes)
1748404256.162988 sending message 112 to peer 0x5f8fb6aa1bd0 (12 bytes)
1748404256.162991 sending message 112 to peer 0x5f8fb6aa1bd0 (13 bytes)
1748404256.162992 sending message 112 to peer 0x5f8fb6aa1bd0 (13 bytes)
1748404256.162994 sending message 112 to peer 0x5f8fb6aa1bd0 (13 bytes)
1748404256.162995 sending message 112 to peer 0x5f8fb6aa1bd0 (13 bytes)
1748404256.162997 sending message 112 to peer 0x5f8fb6aa1bd0 (13 bytes)
1748404256.162998 sending message 112 to peer 0x5f8fb6aa1bd0 (13 bytes)
1748404256.162999 sending message 112 to peer 0x5f8fb6aa1bd0 (13 bytes)
1748404256.163000 sending message 112 to peer 0x5f8fb6aa1bd0 (13 bytes)
1748404256.163001 sending message 112 to peer 0x5f8fb6aa1bd0 (12 bytes)
1748404256.163003 sending message 112 to peer 0x5f8fb6aa1bd0 (10 bytes)
1748404256.163004 sending message 112 to peer 0x5f8fb6aa1bd0 (12 bytes)
1748404256.163005 sending message 112 to peer 0x5f8fb6aa1bd0 (12 bytes)
1748404256.163006 sending message 112 to peer 0x5f8fb6aa1bd0 (12 bytes)
1748404256.163007 sending message 112 to peer 0x5f8fb6aa1bd0 (13 bytes)
1748404256.163009 sending message 112 to peer 0x5f8fb6aa1bd0 (13 bytes)
1748404256.163010 sending message 112 to peer 0x5f8fb6aa1bd0 (13 bytes)
1748404256.163011 sending message 112 to peer 0x5f8fb6aa1bd0 (13 bytes)
1748404256.163012 sending message 112 to peer 0x5f8fb6aa1bd0 (13 bytes)
1748404256.163014 sending message 112 to peer 0x5f8fb6aa1bd0 (13 bytes)
1748404256.163015 sending message 112 to peer 0x5f8fb6aa1bd0 (13 bytes)
1748404256.163016 sending message 112 to peer 0x5f8fb6aa1bd0 (10 bytes)
1748404256.163017 sending message 112 to peer 0x5f8fb6aa1bd0 (13 bytes)
1748404256.163018 sending message 112 to peer 0x5f8fb6aa1bd0 (12 bytes)
1748404256.163020 sending message 112 to peer 0x5f8fb6aa1bd0 (12 bytes)
1748404256.163021 sending message 112 to peer 0x5f8fb6aa1bd0 (12 bytes)
1748404256.163022 sending message 112 to peer 0x5f8fb6aa1bd0 (10 bytes)
1748404256.163023 sending message 112 to peer 0x5f8fb6aa1bd0 (10 bytes)
1748404256.163025 sending message 112 to peer 0x5f8fb6aa1bd0 (10 bytes)
1748404256.163026 sending message 112 to peer 0x5f8fb6aa1bd0 (12 bytes)
1748404256.163027 sending message 112 to peer 0x5f8fb6aa1bd0 (13 bytes)
1748404256.163028 sending message 112 to peer 0x5f8fb6aa1bd0 (13 bytes)
1748404256.163029 sending message 112 to peer 0x5f8fb6aa1bd0 (13 bytes)
1748404256.163031 sending message 112 to peer 0x5f8fb6aa1bd0 (13 bytes)
1748404256.163032 sending message 112 to peer 0x5f8fb6aa1bd0 (13 bytes)
1748404256.163033 sending message 112 to peer 0x5f8fb6aa1bd0 (11 bytes)
1748404256.163034 sending message 112 to peer 0x5f8fb6aa1bd0 (11 bytes)
1748404256.163036 sending message 112 to peer 0x5f8fb6aa1bd0 (12 bytes)
1748404256.163037 sending message 112 to peer 0x5f8fb6aa1bd0 (12 bytes)
1748404256.163038 sending message 112 to peer 0x5f8fb6aa1bd0 (12 bytes)
1748404256.163039 sending message 112 to peer 0x5f8fb6aa1bd0 (12 bytes)
1748404256.163041 sending message 112 to peer 0x5f8fb6aa1bd0 (12 bytes)
1748404256.163042 sending message 112 to peer 0x5f8fb6aa1bd0 (11 bytes)
1748404256.163043 sending message 112 to peer 0x5f8fb6aa1bd0 (12 bytes)
1748404256.163044 sending message 112 to peer 0x5f8fb6aa1bd0 (12 bytes)
1748404256.163046 sending message 112 to peer 0x5f8fb6aa1bd0 (13 bytes)
1748404256.163047 sending message 112 to peer 0x5f8fb6aa1bd0 (13 bytes)
1748404256.163048 sending message 112 to peer 0x5f8fb6aa1bd0 (13 bytes)
1748404256.163049 sending message 112 to peer 0x5f8fb6aa1bd0 (13 bytes)
1748404256.163051 sending message 112 to peer 0x5f8fb6aa1bd0 (13 bytes)
1748404256.163052 sending message 112 to peer 0x5f8fb6aa1bd0 (10 bytes)
1748404256.163053 sending message 112 to peer 0x5f8fb6aa1bd0 (9 bytes)
1748404256.163054 sending message 112 to peer 0x5f8fb6aa1bd0 (12 bytes)
1748404256.163055 sending message 112 to peer 0x5f8fb6aa1bd0 (13 bytes)
1748404256.163057 sending message 112 to peer 0x5f8fb6aa1bd0 (13 bytes)
1748404256.163058 sending message 112 to peer 0x5f8fb6aa1bd0 (13 bytes)
1748404256.163059 sending message 112 to peer 0x5f8fb6aa1bd0 (13 bytes)
1748404256.163060 sending message 112 to peer 0x5f8fb6aa1bd0 (13 bytes)
1748404256.163081 sending message 112 to peer 0x5f8fb6aa1bd0 (9 bytes)
1748404256.163082 sending message 112 to peer 0x5f8fb6aa1bd0 (12 bytes)
1748404256.163084 sending message 112 to peer 0x5f8fb6aa1bd0 (13 bytes)
1748404256.163085 sending message 112 to peer 0x5f8fb6aa1bd0 (13 bytes)
1748404256.163086 sending message 112 to peer 0x5f8fb6aa1bd0 (13 bytes)
1748404256.163087 sending message 112 to peer 0x5f8fb6aa1bd0 (13 bytes)
1748404256.163088 sending message 112 to peer 0x5f8fb6aa1bd0 (13 bytes)
1748404256.163090 sending message 112 to peer 0x5f8fb6aa1bd0 (11 bytes)
1748404256.163091 sending message 112 to peer 0x5f8fb6aa1bd0 (12 bytes)
1748404256.163092 sending message 112 to peer 0x5f8fb6aa1bd0 (13 bytes)
1748404256.163093 sending message 112 to peer 0x5f8fb6aa1bd0 (13 bytes)
1748404256.163094 sending message 112 to peer 0x5f8fb6aa1bd0 (13 bytes)
1748404256.163096 sending message 112 to peer 0x5f8fb6aa1bd0 (13 bytes)
1748404256.163097 sending message 112 to peer 0x5f8fb6aa1bd0 (13 bytes)
1748404256.163098 sending message 112 to peer 0x5f8fb6aa1bd0 (11 bytes)
1748404256.163099 sending message 112 to peer 0x5f8fb6aa1bd0 (12 bytes)
1748404256.163101 sending message 112 to peer 0x5f8fb6aa1bd0 (12 bytes)
1748404256.163102 sending message 112 to peer 0x5f8fb6aa1bd0 (12 bytes)
1748404256.163103 sending message 112 to peer 0x5f8fb6aa1bd0 (12 bytes)
1748404256.163104 sending message 112 to peer 0x5f8fb6aa1bd0 (12 bytes)
1748404256.163106 sending message 112 to peer 0x5f8fb6aa1bd0 (21 bytes)
1748404256.163107 sending message 112 to peer 0x5f8fb6aa1bd0 (12 bytes)
1748404256.163108 sending message 112 to peer 0x5f8fb6aa1bd0 (9 bytes)
1748404256.163109 sending message 112 to peer 0x5f8fb6aa1bd0 (6 bytes)
1748404256.163111 sending message 112 to peer 0x5f8fb6aa1bd0 (13 bytes)
1748404256.163112 sending message 112 to peer 0x5f8fb6aa1bd0 (8 bytes)
1748404256.163113 sending message 112 to peer 0x5f8fb6aa1bd0 (15 bytes)
1748404256.163114 sending message 112 to peer 0x5f8fb6aa1bd0 (13 bytes)
1748404256.163116 sending message 112 to peer 0x5f8fb6aa1bd0 (9 bytes)
1748404256.163117 sending message 112 to peer 0x5f8fb6aa1bd0 (70 bytes)
1748404256.163118 sending message 112 to peer 0x5f8fb6aa1bd0 (69 bytes)
1748404256.163120 sending message 112 to peer 0x5f8fb6aa1bd0 (10 bytes)
1748404256.163121 sending message 112 to peer 0x5f8fb6aa1bd0 (10 bytes)
1748404256.163122 sending message 112 to peer 0x5f8fb6aa1bd0 (8 bytes)
1748404256.163123 sending message 112 to peer 0x5f8fb6aa1bd0 (15 bytes)
1748404256.163125 sending message 112 to peer 0x5f8fb6aa1bd0 (13 bytes)
1748404256.163126 sending message 112 to peer 0x5f8fb6aa1bd0 (10 bytes)
1748404256.163127 sending message 112 to peer 0x5f8fb6aa1bd0 (10 bytes)
1748404256.163129 sending message 112 to peer 0x5f8fb6aa1bd0 (17 bytes)
1748404256.163130 sending message 112 to peer 0x5f8fb6aa1bd0 (10 bytes)
1748404256.163131 sending message 112 to peer 0x5f8fb6aa1bd0 (13 bytes)
1748404256.163132 sending message 112 to peer 0x5f8fb6aa1bd0 (9 bytes)
1748404256.163134 sending message 112 to peer 0x5f8fb6aa1bd0 (5 bytes)
1748404256.163135 sending message 112 to peer 0x5f8fb6aa1bd0 (15 bytes)
1748404256.163137 sending message 104 to peer 0x5f8fb6aa1bd0 (0 bytes)
1748404256.163138 sending message 110 to peer 0x5f8fb6aa1bd0 (0 bytes)
1748404256.163140 sending message 107 to peer 0x5f8fb6aa1bd0 (4 bytes)
1748404256.163141 sending message 105 to peer 0x5f8fb6aa1bd0 (54 bytes)
1748404256.163143 sending message 105 to peer 0x5f8fb6aa1bd0 (50 bytes)
1748404256.163144 sending message 105 to peer 0x5f8fb6aa1bd0 (11 bytes)
1748404256.163145 sending message 105 to peer 0x5f8fb6aa1bd0 (16 bytes)
1748404256.163146 sending message 105 to peer 0x5f8fb6aa1bd0 (16 bytes)
1748404256.163148 sending message 105 to peer 0x5f8fb6aa1bd0 (17 bytes)
1748404256.163149 sending message 105 to peer 0x5f8fb6aa1bd0 (13 bytes)
1748404256.163150 sending message 105 to peer 0x5f8fb6aa1bd0 (9 bytes)
1748404256.163152 sending message 105 to peer 0x5f8fb6aa1bd0 (31 bytes)
1748404256.163153 sending message 105 to peer 0x5f8fb6aa1bd0 (3328 bytes)
1748404256.163162 sending message 105 to peer 0x5f8fb6aa1bd0 (40 bytes)
1748404256.163164 sending message 105 to peer 0x5f8fb6aa1bd0 (28 bytes)
1748404256.163165 sending message 105 to peer 0x5f8fb6aa1bd0 (15 bytes)
1748404256.163167 sending message 105 to peer 0x5f8fb6aa1bd0 (8 bytes)
1748404256.163168 sending message 105 to peer 0x5f8fb6aa1bd0 (56 bytes)
1748404256.163169 sending message 105 to peer 0x5f8fb6aa1bd0 (38 bytes)
1748404256.163170 sending message 105 to peer 0x5f8fb6aa1bd0 (19 bytes)
1748404256.163172 sending message 105 to peer 0x5f8fb6aa1bd0 (19 bytes)
1748404256.163173 sending message 105 to peer 0x5f8fb6aa1bd0 (18 bytes)
1748404256.163174 sending message 105 to peer 0x5f8fb6aa1bd0 (26 bytes)
1748404256.163175 sending message 105 to peer 0x5f8fb6aa1bd0 (36 bytes)
1748404256.163177 sending message 105 to peer 0x5f8fb6aa1bd0 (13 bytes)
1748404256.163178 sending message 105 to peer 0x5f8fb6aa1bd0 (57 bytes)
1748404256.163179 sending message 105 to peer 0x5f8fb6aa1bd0 (10 bytes)
1748404256.163181 sending message 105 to peer 0x5f8fb6aa1bd0 (26 bytes)
1748404256.163182 sending message 105 to peer 0x5f8fb6aa1bd0 (24 bytes)
1748404256.163183 sending message 105 to peer 0x5f8fb6aa1bd0 (33 bytes)
1748404256.163184 sending message 105 to peer 0x5f8fb6aa1bd0 (25 bytes)
1748404256.163185 sending message 105 to peer 0x5f8fb6aa1bd0 (34 bytes)
1748404256.163187 sending message 105 to peer 0x5f8fb6aa1bd0 (53 bytes)
1748404256.163188 sending message 105 to peer 0x5f8fb6aa1bd0 (48 bytes)
1748404256.163189 sending message 105 to peer 0x5f8fb6aa1bd0 (32 bytes)
1748404256.163191 sending message 105 to peer 0x5f8fb6aa1bd0 (17 bytes)
1748404256.163192 sending message 106 to peer 0x5f8fb6aa1bd0 (0 bytes)
1748404256.163265 sending message 200 to peer 0x5f8fb6aa1bd0 (4 bytes)
1748404256.163268 client loop enter
1748404256.164081 peer 0x5f8fb6aa1bd0 message 303
1748404256.164086 open write file 2 -
1748404256.164090 sending message 305 to peer 0x5f8fb6aa1bd0 (8 bytes)
1748404256.164096 write check file 2
1748404256.164350 peer 0x5f8fb6aa1bd0 message 304
1748404256.164354 write 58 to file 2
1748404256.164357 peer 0x5f8fb6aa1bd0 message 203
1748404256.164375 file 2 58 bytes left
1748404256.164428 write check file 2
1748404256.164431 client loop exit
